2017-11-14 15:22:39.865  INFO 4784 --- [main] org.turnquest.Application                : No active profile set, falling back to default profiles: default
2017-11-14 15:22:39.912  INFO 4784 --- [main] ationConfigEmbeddedWebApplicationContext : Refreshing org.springframework.boot.context.embedded.AnnotationConfigEmbeddedWebApplicationContext@33f275d0: startup date [Tue Nov 14 15:22:39 EAT 2017]; parent: org.springframework.context.annotation.AnnotationConfigApplicationContext@78df2e3b
2017-11-14 15:22:42.564  INFO 4784 --- [main] o.s.b.f.s.DefaultListableBeanFactory     : Overriding bean definition for bean 'managementServletContext' with a different definition: replacing [Root bean: class [null]; scope=; abstract=false; lazyInit=false; autowireMode=3; dependencyCheck=0; autowireCandidate=true; primary=false; factoryBeanName=org.springframework.boot.actuate.autoconfigure.EndpointWebMvcHypermediaManagementContextConfiguration; factoryMethodName=managementServletContext; initMethodName=null; destroyMethodName=(inferred); defined in class path resource [org/springframework/boot/actuate/autoconfigure/EndpointWebMvcHypermediaManagementContextConfiguration.class]] with [Root bean: class [null]; scope=; abstract=false; lazyInit=false; autowireMode=3; dependencyCheck=0; autowireCandidate=true; primary=false; factoryBeanName=org.springframework.boot.actuate.autoconfigure.EndpointWebMvcAutoConfiguration; factoryMethodName=managementServletContext; initMethodName=null; destroyMethodName=(inferred); defined in class path resource [org/springframework/boot/actuate/autoconfigure/EndpointWebMvcAutoConfiguration.class]]
2017-11-14 15:22:43.484  INFO 4784 --- [main] o.s.cloud.context.scope.GenericScope     : BeanFactory id=5a67197b-d9a6-3533-b5e8-d4cc58bc0a9c
2017-11-14 15:22:43.937  INFO 4784 --- [main] trationDelegate$BeanPostProcessorChecker : Bean 'org.springframework.transaction.annotation.ProxyTransactionManagementConfiguration' of type [org.springframework.transaction.annotation.ProxyTransactionManagementConfiguration$$EnhancerBySpringCGLIB$$9c89ccf5] is not eligible for getting processed by all BeanPostProcessors (for example: not eligible for auto-proxying)
2017-11-14 15:22:44.077  INFO 4784 --- [main] trationDelegate$BeanPostProcessorChecker : Bean 'org.springframework.security.config.annotation.configuration.ObjectPostProcessorConfiguration' of type [org.springframework.security.config.annotation.configuration.ObjectPostProcessorConfiguration$$EnhancerBySpringCGLIB$$3537952f] is not eligible for getting processed by all BeanPostProcessors (for example: not eligible for auto-proxying)
2017-11-14 15:22:44.093  INFO 4784 --- [main] trationDelegate$BeanPostProcessorChecker : Bean 'objectPostProcessor' of type [org.springframework.security.config.annotation.configuration.AutowireBeanFactoryObjectPostProcessor] is not eligible for getting processed by all BeanPostProcessors (for example: not eligible for auto-proxying)
2017-11-14 15:22:44.108  INFO 4784 --- [main] trationDelegate$BeanPostProcessorChecker : Bean 'org.springframework.security.access.expression.method.DefaultMethodSecurityExpressionHandler@140137bc' of type [org.springframework.security.access.expression.method.DefaultMethodSecurityExpressionHandler] is not eligible for getting processed by all BeanPostProcessors (for example: not eligible for auto-proxying)
2017-11-14 15:22:44.124  INFO 4784 --- [main] trationDelegate$BeanPostProcessorChecker : Bean 'org.springframework.security.config.annotation.method.configuration.GlobalMethodSecurityConfiguration' of type [org.springframework.security.config.annotation.method.configuration.GlobalMethodSecurityConfiguration$$EnhancerBySpringCGLIB$$5a0c37e1] is not eligible for getting processed by all BeanPostProcessors (for example: not eligible for auto-proxying)
2017-11-14 15:22:44.139  INFO 4784 --- [main] trationDelegate$BeanPostProcessorChecker : Bean 'methodSecurityMetadataSource' of type [org.springframework.security.access.method.DelegatingMethodSecurityMetadataSource] is not eligible for getting processed by all BeanPostProcessors (for example: not eligible for auto-proxying)
2017-11-14 15:22:44.233  INFO 4784 --- [main] trationDelegate$BeanPostProcessorChecker : Bean 'org.springframework.cloud.autoconfigure.ConfigurationPropertiesRebinderAutoConfiguration' of type [org.springframework.cloud.autoconfigure.ConfigurationPropertiesRebinderAutoConfiguration$$EnhancerBySpringCGLIB$$b8a3cff2] is not eligible for getting processed by all BeanPostProcessors (for example: not eligible for auto-proxying)
2017-11-14 15:22:44.966  INFO 4784 --- [main] s.b.c.e.t.TomcatEmbeddedServletContainer : Tomcat initialized with port(s): 8080 (http)
2017-11-14 15:22:44.997  INFO 4784 --- [main] o.apache.catalina.core.StandardService   : Starting service Tomcat
2017-11-14 15:22:44.997  INFO 4784 --- [main] org.apache.catalina.core.StandardEngine  : Starting Servlet Engine: Apache Tomcat/8.5.11
2017-11-14 15:22:45.185  INFO 4784 --- [localhost-startStop-1] o.a.c.c.C.[Tomcat].[localhost].[/]       : Initializing Spring embedded WebApplicationContext
2017-11-14 15:22:45.185  INFO 4784 --- [localhost-startStop-1] o.s.web.context.ContextLoader            : Root WebApplicationContext: initialization completed in 5273 ms
2017-11-14 15:22:45.871  INFO 4784 --- [localhost-startStop-1] o.s.b.w.servlet.FilterRegistrationBean   : Mapping filter: 'simpleCorsFilter' to: [/*]
2017-11-14 15:22:45.871  INFO 4784 --- [localhost-startStop-1] o.s.b.w.servlet.FilterRegistrationBean   : Mapping filter: 'metricsFilter' to: [/*]
2017-11-14 15:22:45.871  INFO 4784 --- [localhost-startStop-1] o.s.b.w.servlet.FilterRegistrationBean   : Mapping filter: 'characterEncodingFilter' to: [/*]
2017-11-14 15:22:45.871  INFO 4784 --- [localhost-startStop-1] o.s.b.w.servlet.FilterRegistrationBean   : Mapping filter: 'hiddenHttpMethodFilter' to: [/*]
2017-11-14 15:22:45.871  INFO 4784 --- [localhost-startStop-1] o.s.b.w.servlet.FilterRegistrationBean   : Mapping filter: 'httpPutFormContentFilter' to: [/*]
2017-11-14 15:22:45.871  INFO 4784 --- [localhost-startStop-1] o.s.b.w.servlet.FilterRegistrationBean   : Mapping filter: 'requestContextFilter' to: [/*]
2017-11-14 15:22:45.871  INFO 4784 --- [localhost-startStop-1] .s.DelegatingFilterProxyRegistrationBean : Mapping filter: 'springSecurityFilterChain' to: [/*]
2017-11-14 15:22:45.871  INFO 4784 --- [localhost-startStop-1] o.s.b.w.servlet.FilterRegistrationBean   : Mapping filter: 'webRequestLoggingFilter' to: [/*]
2017-11-14 15:22:45.871  INFO 4784 --- [localhost-startStop-1] o.s.b.w.servlet.FilterRegistrationBean   : Mapping filter: 'applicationContextIdFilter' to: [/*]
2017-11-14 15:22:45.871  INFO 4784 --- [localhost-startStop-1] o.s.b.w.servlet.ServletRegistrationBean  : Mapping servlet: 'dispatcherServlet' to [/]
2017-11-14 15:22:48.632  INFO 4784 --- [main] j.LocalContainerEntityManagerFactoryBean : Building JPA container EntityManagerFactory for persistence unit 'default'
2017-11-14 15:22:48.663  INFO 4784 --- [main] o.hibernate.jpa.internal.util.LogHelper  : HHH000204: Processing PersistenceUnitInfo [
	name: default
	...]
2017-11-14 15:22:48.866  INFO 4784 --- [main] org.hibernate.Version                    : HHH000412: Hibernate Core {5.0.12.Final}
2017-11-14 15:22:48.882  INFO 4784 --- [main] org.hibernate.cfg.Environment            : HHH000206: hibernate.properties not found
2017-11-14 15:22:48.882  INFO 4784 --- [main] org.hibernate.cfg.Environment            : HHH000021: Bytecode provider name : javassist
2017-11-14 15:22:48.975  INFO 4784 --- [main] o.hibernate.annotations.common.Version   : HCANN000001: Hibernate Commons Annotations {5.0.1.Final}
2017-11-14 15:22:49.303  INFO 4784 --- [main] org.hibernate.dialect.Dialect            : HHH000400: Using dialect: org.hibernate.dialect.Oracle9iDialect
2017-11-14 15:22:50.535  WARN 4784 --- [main] org.hibernate.orm.deprecation            : HHH90000014: Found use of deprecated [org.hibernate.id.SequenceHiLoGenerator] sequence-based id generator; use org.hibernate.id.enhanced.SequenceStyleGenerator instead.  See Hibernate Domain Model Mapping Guide for details.
2017-11-14 15:22:51.128  INFO 4784 --- [main] j.LocalContainerEntityManagerFactoryBean : Initialized JPA EntityManagerFactory for persistence unit 'default'
2017-11-14 15:22:53.546  INFO 4784 --- [main] s.w.s.m.m.a.RequestMappingHandlerMapping : Mapped "{[/bima-bamba/authUser/current],methods=[GET]}" onto public org.springframework.http.ResponseEntity org.turnquest.login.AuthProcImpl.getUser() throws java.lang.Exception
2017-11-14 15:22:53.577  INFO 4784 --- [main] s.w.s.m.m.a.RequestMappingHandlerMapping : Mapped "{[/bima-bamba/authUser/agentAuthenticate],methods=[POST]}" onto public java.util.Map<java.lang.String, java.lang.Object> org.turnquest.login.AuthProcImpl.agentAuthenticate(org.turnquest.login.Credentials)
2017-11-14 15:22:53.577  INFO 4784 --- [main] s.w.s.m.m.a.RequestMappingHandlerMapping : Mapped "{[/bima-bamba/authUser/users],methods=[GET]}" onto public java.util.List<org.turnquest.login.models.User> org.turnquest.login.AuthProcImpl.getPaymentByMemberId(java.lang.Integer,java.lang.Integer)
2017-11-14 15:22:53.577  INFO 4784 --- [main] s.w.s.m.m.a.RequestMappingHandlerMapping : Mapped "{[/bima-bamba/sms/sendSms],methods=[POST]}" onto public java.lang.String org.turnquest.SendSMS.SmsRestController.sendSms(org.turnquest.SendSMS.SmsBean)
2017-11-14 15:22:53.577  INFO 4784 --- [main] s.w.s.m.m.a.RequestMappingHandlerMapping : Mapped "{[/bima-bamba/setups/fetchCountries],methods=[GET]}" onto public java.util.List<org.turnquest.setups.SetupBean> org.turnquest.setups.SettingsProcImpl.fetchCountries()
2017-11-14 15:22:53.593  INFO 4784 --- [main] s.w.s.m.m.a.RequestMappingHandlerMapping : Mapped "{[/bima-bamba/setups/fetchCurrencies],methods=[GET]}" onto public java.util.List<org.turnquest.setups.SetupBean> org.turnquest.setups.SettingsProcImpl.fetchCurrency()
2017-11-14 15:22:53.593  INFO 4784 --- [main] s.w.s.m.m.a.RequestMappingHandlerMapping : Mapped "{[/bima-bamba/files/download],methods=[GET]}" onto public org.springframework.http.HttpEntity<byte[]> org.turnquest.upload.UploadController.download(java.math.BigDecimal)
2017-11-14 15:22:53.593  INFO 4784 --- [main] s.w.s.m.m.a.RequestMappingHandlerMapping : Mapped "{[/bima-bamba/files/doclisting],methods=[GET]}" onto public java.util.List<org.turnquest.upload.Uploads> org.turnquest.upload.UploadController.fetchProducts(java.lang.String)
2017-11-14 15:22:53.593  INFO 4784 --- [main] s.w.s.m.m.a.RequestMappingHandlerMapping : Mapped "{[/bima-bamba/files/upload],methods=[POST],consumes=[multipart/form-data]}" onto public org.springframework.http.ResponseEntity org.turnquest.upload.UploadController.uploadFileHandler(org.springframework.web.multipart.MultipartFile,java.lang.String,java.lang.String)
2017-11-14 15:22:53.593  INFO 4784 --- [main] s.w.s.m.m.a.RequestMappingHandlerMapping : Mapped "{[/secure/user/users],consumes=[application/json],produces=[application/json;charset=UTF-8]}" onto public java.lang.String org.turnquest.Users.SecureController.loginSuccess()
2017-11-14 15:22:53.593  INFO 4784 --- [main] s.w.s.m.m.a.RequestMappingHandlerMapping : Mapped "{[/secure/user/email/{email}],methods=[GET || POST],consumes=[application/json]}" onto public org.turnquest.Users.User org.turnquest.Users.SecureController.findByEmail(java.lang.String)
2017-11-14 15:22:53.593  INFO 4784 --- [main] s.w.s.m.m.a.RequestMappingHandlerMapping : Mapped "{[/secure/user/update],methods=[GET || POST],consumes=[application/json]}" onto public org.turnquest.Users.User org.turnquest.Users.SecureController.updateUser(org.turnquest.Users.User)
2017-11-14 15:22:53.609  INFO 4784 --- [main] s.w.s.m.m.a.RequestMappingHandlerMapping : Mapped "{[/user/register],methods=[GET || POST]}" onto public org.turnquest.Users.User org.turnquest.Users.UserController.registerUser(org.turnquest.Users.User)
2017-11-14 15:22:53.609  INFO 4784 --- [main] s.w.s.m.m.a.RequestMappingHandlerMapping : Mapped "{[/user/getusers],methods=[GET]}" onto public java.util.List<org.turnquest.Users.User> org.turnquest.Users.UserController.findAllUsers()
2017-11-14 15:22:53.609  INFO 4784 --- [main] s.w.s.m.m.a.RequestMappingHandlerMapping : Mapped "{[/user/login],methods=[GET || POST]}" onto public org.turnquest.login.CurrentUser org.turnquest.Users.UserController.agentAuthenticate(java.lang.String,java.lang.String)
2017-11-14 15:22:53.609  INFO 4784 --- [main] s.w.s.m.m.a.RequestMappingHandlerMapping : Mapped "{[/swagger-resources/configuration/security]}" onto public org.springframework.http.ResponseEntity<springfox.documentation.swagger.web.SecurityConfiguration> springfox.documentation.swagger.web.ApiResourceController.securityConfiguration()
2017-11-14 15:22:53.624  INFO 4784 --- [main] s.w.s.m.m.a.RequestMappingHandlerMapping : Mapped "{[/swagger-resources]}" onto public org.springframework.http.ResponseEntity<java.util.List<springfox.documentation.swagger.web.SwaggerResource>> springfox.documentation.swagger.web.ApiResourceController.swaggerResources()
2017-11-14 15:22:53.624  INFO 4784 --- [main] s.w.s.m.m.a.RequestMappingHandlerMapping : Mapped "{[/swagger-resources/configuration/ui]}" onto public org.springframework.http.ResponseEntity<springfox.documentation.swagger.web.UiConfiguration> springfox.documentation.swagger.web.ApiResourceController.uiConfiguration()
2017-11-14 15:22:53.640  INFO 4784 --- [main] s.w.s.m.m.a.RequestMappingHandlerMapping : Mapped "{[/error]}" onto public org.springframework.http.ResponseEntity<java.util.Map<java.lang.String, java.lang.Object>> org.springframework.boot.autoconfigure.web.BasicErrorController.error(javax.servlet.http.HttpServletRequest)
2017-11-14 15:22:53.640  INFO 4784 --- [main] s.w.s.m.m.a.RequestMappingHandlerMapping : Mapped "{[/error],produces=[text/html]}" onto public org.springframework.web.servlet.ModelAndView org.springframework.boot.autoconfigure.web.BasicErrorController.errorHtml(javax.servlet.http.HttpServletRequest,javax.servlet.http.HttpServletResponse)
2017-11-14 15:22:54.560  INFO 4784 --- [main] o.s.b.a.e.mvc.EndpointHandlerMapping     : Mapped "{[/health || /health.json],methods=[GET],produces=[application/vnd.spring-boot.actuator.v1+json || application/json]}" onto public java.lang.Object org.springframework.boot.actuate.endpoint.mvc.HealthMvcEndpoint.invoke(javax.servlet.http.HttpServletRequest,java.security.Principal)
2017-11-14 15:22:54.560  INFO 4784 --- [main] o.s.b.a.e.mvc.EndpointHandlerMapping     : Mapped "{[/resume || /resume.json],methods=[POST]}" onto public java.lang.Object org.springframework.cloud.endpoint.GenericPostableMvcEndpoint.invoke()
2017-11-14 15:22:54.576  INFO 4784 --- [main] o.s.b.a.e.mvc.EndpointHandlerMapping     : Mapped "{[/metrics/{name:.*}],methods=[GET],produces=[application/vnd.spring-boot.actuator.v1+json || application/json]}" onto public java.lang.Object org.springframework.boot.actuate.endpoint.mvc.MetricsMvcEndpoint.value(java.lang.String)
2017-11-14 15:22:54.576  INFO 4784 --- [main] o.s.b.a.e.mvc.EndpointHandlerMapping     : Mapped "{[/metrics || /metrics.json],methods=[GET],produces=[application/vnd.spring-boot.actuator.v1+json || application/json]}" onto public java.lang.Object org.springframework.boot.actuate.endpoint.mvc.EndpointMvcAdapter.invoke()
2017-11-14 15:22:54.576  INFO 4784 --- [main] o.s.b.a.e.mvc.EndpointHandlerMapping     : Mapped "{[/refresh || /refresh.json],methods=[POST]}" onto public java.lang.Object org.springframework.cloud.endpoint.GenericPostableMvcEndpoint.invoke()
2017-11-14 15:22:54.576  INFO 4784 --- [main] o.s.b.a.e.mvc.EndpointHandlerMapping     : Mapped "{[/env],methods=[POST]}" onto public java.lang.Object org.springframework.cloud.context.environment.EnvironmentManagerMvcEndpoint.value(java.util.Map<java.lang.String, java.lang.String>)
2017-11-14 15:22:54.576  INFO 4784 --- [main] o.s.b.a.e.mvc.EndpointHandlerMapping     : Mapped "{[/env/reset],methods=[POST]}" onto public java.util.Map<java.lang.String, java.lang.Object> org.springframework.cloud.context.environment.EnvironmentManagerMvcEndpoint.reset()
2017-11-14 15:22:54.591  INFO 4784 --- [main] o.s.b.a.e.mvc.EndpointHandlerMapping     : Mapped "{[/features || /features.json],methods=[GET],produces=[application/vnd.spring-boot.actuator.v1+json || application/json]}" onto public java.lang.Object org.springframework.boot.actuate.endpoint.mvc.EndpointMvcAdapter.invoke()
2017-11-14 15:22:54.591  INFO 4784 --- [main] o.s.b.a.e.mvc.EndpointHandlerMapping     : Mapped "{[/heapdump || /heapdump.json],methods=[GET],produces=[application/octet-stream]}" onto public void org.springframework.boot.actuate.endpoint.mvc.HeapdumpMvcEndpoint.invoke(boolean,javax.servlet.http.HttpServletRequest,javax.servlet.http.HttpServletResponse) throws java.io.IOException,javax.servlet.ServletException
2017-11-14 15:22:54.607  INFO 4784 --- [main] o.s.b.a.e.mvc.EndpointHandlerMapping     : Mapped "{[/pause || /pause.json],methods=[POST]}" onto public java.lang.Object org.springframework.cloud.endpoint.GenericPostableMvcEndpoint.invoke()
2017-11-14 15:22:54.607  INFO 4784 --- [main] o.s.b.a.e.mvc.EndpointHandlerMapping     : Mapped "{[/info || /info.json],methods=[GET],produces=[application/vnd.spring-boot.actuator.v1+json || application/json]}" onto public java.lang.Object org.springframework.boot.actuate.endpoint.mvc.EndpointMvcAdapter.invoke()
2017-11-14 15:22:54.607  INFO 4784 --- [main] o.s.b.a.e.mvc.EndpointHandlerMapping     : Mapped "{[/actuator || /actuator.json],methods=[GET],produces=[application/vnd.spring-boot.actuator.v1+json || application/json]}" onto public org.springframework.hateoas.ResourceSupport org.springframework.boot.actuate.endpoint.mvc.HalJsonMvcEndpoint.links()
2017-11-14 15:22:54.607  INFO 4784 --- [main] o.s.b.a.e.mvc.EndpointHandlerMapping     : Mapped "{[/loggers/{name:.*}],methods=[GET],produces=[application/vnd.spring-boot.actuator.v1+json || application/json]}" onto public java.lang.Object org.springframework.boot.actuate.endpoint.mvc.LoggersMvcEndpoint.get(java.lang.String)
2017-11-14 15:22:54.607  INFO 4784 --- [main] o.s.b.a.e.mvc.EndpointHandlerMapping     : Mapped "{[/loggers/{name:.*}],methods=[POST],consumes=[application/vnd.spring-boot.actuator.v1+json || application/json],produces=[application/vnd.spring-boot.actuator.v1+json || application/json]}" onto public java.lang.Object org.springframework.boot.actuate.endpoint.mvc.LoggersMvcEndpoint.set(java.lang.String,java.util.Map<java.lang.String, java.lang.String>)
2017-11-14 15:22:54.607  INFO 4784 --- [main] o.s.b.a.e.mvc.EndpointHandlerMapping     : Mapped "{[/loggers || /loggers.json],methods=[GET],produces=[application/vnd.spring-boot.actuator.v1+json || application/json]}" onto public java.lang.Object org.springframework.boot.actuate.endpoint.mvc.EndpointMvcAdapter.invoke()
2017-11-14 15:22:54.623  INFO 4784 --- [main] o.s.b.a.e.mvc.EndpointHandlerMapping     : Mapped "{[/beans || /beans.json],methods=[GET],produces=[application/vnd.spring-boot.actuator.v1+json || application/json]}" onto public java.lang.Object org.springframework.boot.actuate.endpoint.mvc.EndpointMvcAdapter.invoke()
2017-11-14 15:22:54.623  INFO 4784 --- [main] o.s.b.a.e.mvc.EndpointHandlerMapping     : Mapped "{[/trace || /trace.json],methods=[GET],produces=[application/vnd.spring-boot.actuator.v1+json || application/json]}" onto public java.lang.Object org.springframework.boot.actuate.endpoint.mvc.EndpointMvcAdapter.invoke()
2017-11-14 15:22:54.623  INFO 4784 --- [main] o.s.b.a.e.mvc.EndpointHandlerMapping     : Mapped "{[/dump || /dump.json],methods=[GET],produces=[application/vnd.spring-boot.actuator.v1+json || application/json]}" onto public java.lang.Object org.springframework.boot.actuate.endpoint.mvc.EndpointMvcAdapter.invoke()
2017-11-14 15:22:54.623  INFO 4784 --- [main] o.s.b.a.e.mvc.EndpointHandlerMapping     : Mapped "{[/restart || /restart.json],methods=[POST]}" onto public java.lang.Object org.springframework.cloud.context.restart.RestartMvcEndpoint.invoke()
2017-11-14 15:22:54.623  INFO 4784 --- [main] o.s.b.a.e.mvc.EndpointHandlerMapping     : Mapped "{[/mappings || /mappings.json],methods=[GET],produces=[application/vnd.spring-boot.actuator.v1+json || application/json]}" onto public java.lang.Object org.springframework.boot.actuate.endpoint.mvc.EndpointMvcAdapter.invoke()
2017-11-14 15:22:54.623  INFO 4784 --- [main] o.s.b.a.e.mvc.EndpointHandlerMapping     : Mapped "{[/auditevents || /auditevents.json],methods=[GET],produces=[application/vnd.spring-boot.actuator.v1+json || application/json]}" onto public org.springframework.http.ResponseEntity<?> org.springframework.boot.actuate.endpoint.mvc.AuditEventsMvcEndpoint.findByPrincipalAndAfterAndType(java.lang.String,java.util.Date,java.lang.String)
2017-11-14 15:22:54.638  INFO 4784 --- [main] o.s.b.a.e.mvc.EndpointHandlerMapping     : Mapped "{[/configprops || /configprops.json],methods=[GET],produces=[application/vnd.spring-boot.actuator.v1+json || application/json]}" onto public java.lang.Object org.springframework.boot.actuate.endpoint.mvc.EndpointMvcAdapter.invoke()
2017-11-14 15:22:54.638  INFO 4784 --- [main] o.s.b.a.e.mvc.EndpointHandlerMapping     : Mapped "{[/env/{name:.*}],methods=[GET],produces=[application/vnd.spring-boot.actuator.v1+json || application/json]}" onto public java.lang.Object org.springframework.boot.actuate.endpoint.mvc.EnvironmentMvcEndpoint.value(java.lang.String)
2017-11-14 15:22:54.638  INFO 4784 --- [main] o.s.b.a.e.mvc.EndpointHandlerMapping     : Mapped "{[/env || /env.json],methods=[GET],produces=[application/vnd.spring-boot.actuator.v1+json || application/json]}" onto public java.lang.Object org.springframework.boot.actuate.endpoint.mvc.EndpointMvcAdapter.invoke()
2017-11-14 15:22:54.638  INFO 4784 --- [main] o.s.b.a.e.mvc.EndpointHandlerMapping     : Mapped "{[/logfile || /logfile.json],methods=[GET || HEAD]}" onto public void org.springframework.boot.actuate.endpoint.mvc.LogFileMvcEndpoint.invoke(javax.servlet.http.HttpServletRequest,javax.servlet.http.HttpServletResponse) throws javax.servlet.ServletException,java.io.IOException
2017-11-14 15:22:54.638  INFO 4784 --- [main] o.s.b.a.e.mvc.EndpointHandlerMapping     : Mapped "{[/autoconfig || /autoconfig.json],methods=[GET],produces=[application/vnd.spring-boot.actuator.v1+json || application/json]}" onto public java.lang.Object org.springframework.boot.actuate.endpoint.mvc.EndpointMvcAdapter.invoke()
2017-11-14 15:22:55.075  INFO 4784 --- [main] pertySourcedRequestMappingHandlerMapping : Mapped URL path [/v2/api-docs] onto method [public org.springframework.http.ResponseEntity<springfox.documentation.spring.web.json.Json> springfox.documentation.swagger2.web.Swagger2Controller.getDocumentation(java.lang.String,javax.servlet.http.HttpServletRequest)]
2017-11-14 15:22:55.371  INFO 4784 --- [main] s.w.s.m.m.a.RequestMappingHandlerAdapter : Looking for @ControllerAdvice: org.springframework.boot.context.embedded.AnnotationConfigEmbeddedWebApplicationContext@33f275d0: startup date [Tue Nov 14 15:22:39 EAT 2017]; parent: org.springframework.context.annotation.AnnotationConfigApplicationContext@78df2e3b
2017-11-14 15:22:55.387  INFO 4784 --- [main] s.w.s.m.m.a.RequestMappingHandlerAdapter : Detected ResponseBodyAdvice bean in org.springframework.boot.actuate.autoconfigure.EndpointWebMvcHypermediaManagementContextConfiguration$ActuatorEndpointLinksAdvice
2017-11-14 15:22:55.559  INFO 4784 --- [main] o.s.w.s.handler.SimpleUrlHandlerMapping  : Mapped URL path [/webjars/**] onto handler of type [class org.springframework.web.servlet.resource.ResourceHttpRequestHandler]
2017-11-14 15:22:55.574  INFO 4784 --- [main] o.s.w.s.handler.SimpleUrlHandlerMapping  : Mapped URL path [/**] onto handler of type [class org.springframework.web.servlet.resource.ResourceHttpRequestHandler]
2017-11-14 15:22:55.621  INFO 4784 --- [main] .m.m.a.ExceptionHandlerExceptionResolver : Detected @ExceptionHandler methods in customRestExceptionHandler
2017-11-14 15:22:55.637  INFO 4784 --- [main] .m.m.a.ExceptionHandlerExceptionResolver : Detected @ExceptionHandler methods in restErrorHandler
2017-11-14 15:22:55.637  INFO 4784 --- [main] .m.m.a.ExceptionHandlerExceptionResolver : Detected ResponseBodyAdvice implementation in org.springframework.boot.actuate.autoconfigure.EndpointWebMvcHypermediaManagementContextConfiguration$ActuatorEndpointLinksAdvice
2017-11-14 15:22:55.715  INFO 4784 --- [main] o.s.w.s.handler.SimpleUrlHandlerMapping  : Mapped URL path [/**/favicon.ico] onto handler of type [class org.springframework.web.servlet.resource.ResourceHttpRequestHandler]
2017-11-14 15:22:55.824  WARN 4784 --- [main] .t.AbstractTemplateResolverConfiguration : Cannot find template location: classpath:/templates/ (please add some templates or check your Thymeleaf configuration)
2017-11-14 15:22:56.791  INFO 4784 --- [main] b.a.s.AuthenticationManagerConfiguration : 

Using default security password: ab3f61ba-1479-485a-8057-f55ac657646c

2017-11-14 15:22:56.931  INFO 4784 --- [main] o.s.s.web.DefaultSecurityFilterChain     : Creating filter chain: OrRequestMatcher [requestMatchers=[Ant [pattern='/css/**'], Ant [pattern='/js/**'], Ant [pattern='/images/**'], Ant [pattern='/webjars/**'], Ant [pattern='/**/favicon.ico'], Ant [pattern='/error']]], []
2017-11-14 15:22:56.947  INFO 4784 --- [main] o.s.s.web.DefaultSecurityFilterChain     : Creating filter chain: org.springframework.boot.actuate.autoconfigure.ManagementWebSecurityAutoConfiguration$LazyEndpointPathRequestMatcher@2723aa2, []
2017-11-14 15:22:57.181  INFO 4784 --- [main] o.s.s.web.DefaultSecurityFilterChain     : Creating filter chain: OrRequestMatcher [requestMatchers=[Ant [pattern='/**']]], [org.springframework.security.web.context.request.async.WebAsyncManagerIntegrationFilter@56ccef57, org.springframework.security.web.context.SecurityContextPersistenceFilter@1f6b6c88, org.springframework.security.web.header.HeaderWriterFilter@19991c9c, org.springframework.security.web.authentication.logout.LogoutFilter@13bfac81, org.springframework.security.web.authentication.www.BasicAuthenticationFilter@5f42fb3f, org.springframework.security.web.savedrequest.RequestCacheAwareFilter@501ce153, org.springframework.security.web.servletapi.SecurityContextHolderAwareRequestFilter@42e68c4, org.springframework.security.web.authentication.AnonymousAuthenticationFilter@b5a1a2, org.springframework.security.web.session.SessionManagementFilter@27bebf8a, org.springframework.security.web.access.ExceptionTranslationFilter@25a3fae1, org.springframework.security.web.access.intercept.FilterSecurityInterceptor@7cb55347]
2017-11-14 15:22:58.398  INFO 4784 --- [main] o.s.j.e.a.AnnotationMBeanExporter        : Registering beans for JMX exposure on startup
2017-11-14 15:22:58.429  INFO 4784 --- [main] o.s.j.e.a.AnnotationMBeanExporter        : Bean with name 'dataSource' has been autodetected for JMX exposure
2017-11-14 15:22:58.445  INFO 4784 --- [main] o.s.j.e.a.AnnotationMBeanExporter        : Bean with name 'configurationPropertiesRebinder' has been autodetected for JMX exposure
2017-11-14 15:22:58.445  INFO 4784 --- [main] o.s.j.e.a.AnnotationMBeanExporter        : Bean with name 'refreshEndpoint' has been autodetected for JMX exposure
2017-11-14 15:22:58.445  INFO 4784 --- [main] o.s.j.e.a.AnnotationMBeanExporter        : Bean with name 'restartEndpoint' has been autodetected for JMX exposure
2017-11-14 15:22:58.445  INFO 4784 --- [main] o.s.j.e.a.AnnotationMBeanExporter        : Bean with name 'environmentManager' has been autodetected for JMX exposure
2017-11-14 15:22:58.445  INFO 4784 --- [main] o.s.j.e.a.AnnotationMBeanExporter        : Bean with name 'refreshScope' has been autodetected for JMX exposure
2017-11-14 15:22:58.460  INFO 4784 --- [main] o.s.j.e.a.AnnotationMBeanExporter        : Located managed bean 'environmentManager': registering with JMX server as MBean [org.springframework.cloud.context.environment:name=environmentManager,type=EnvironmentManager]
2017-11-14 15:22:58.491  INFO 4784 --- [main] o.s.j.e.a.AnnotationMBeanExporter        : Located managed bean 'restartEndpoint': registering with JMX server as MBean [org.springframework.cloud.context.restart:name=restartEndpoint,type=RestartEndpoint]
2017-11-14 15:22:58.523  INFO 4784 --- [main] o.s.j.e.a.AnnotationMBeanExporter        : Located managed bean 'refreshScope': registering with JMX server as MBean [org.springframework.cloud.context.scope.refresh:name=refreshScope,type=RefreshScope]
2017-11-14 15:22:58.554  INFO 4784 --- [main] o.s.j.e.a.AnnotationMBeanExporter        : Located managed bean 'configurationPropertiesRebinder': registering with JMX server as MBean [org.springframework.cloud.context.properties:name=configurationPropertiesRebinder,context=33f275d0,type=ConfigurationPropertiesRebinder]
2017-11-14 15:22:58.569  INFO 4784 --- [main] o.s.j.e.a.AnnotationMBeanExporter        : Located MBean 'dataSource': registering with JMX server as MBean [org.apache.commons.dbcp2:name=dataSource,type=BasicDataSource]
2017-11-14 15:22:58.585  INFO 4784 --- [main] o.s.j.e.a.AnnotationMBeanExporter        : Located managed bean 'refreshEndpoint': registering with JMX server as MBean [org.springframework.cloud.endpoint:name=refreshEndpoint,type=RefreshEndpoint]
2017-11-14 15:22:58.975  INFO 4784 --- [main] o.s.c.support.DefaultLifecycleProcessor  : Starting beans in phase 0
2017-11-14 15:22:59.053  INFO 4784 --- [main] o.s.c.support.DefaultLifecycleProcessor  : Starting beans in phase 2147483647
2017-11-14 15:22:59.053  INFO 4784 --- [main] d.s.w.p.DocumentationPluginsBootstrapper : Context refreshed
2017-11-14 15:22:59.115  INFO 4784 --- [main] d.s.w.p.DocumentationPluginsBootstrapper : Found 1 custom documentation plugin(s)
2017-11-14 15:22:59.240  INFO 4784 --- [main] s.d.s.w.s.ApiListingReferenceScanner     : Scanning for api listing references
2017-11-14 15:22:59.708  INFO 4784 --- [main] s.b.c.e.t.TomcatEmbeddedServletContainer : Tomcat started on port(s): 8080 (http)
2017-11-14 15:22:59.724  INFO 4784 --- [main] org.turnquest.Application                : Started Application in 24.164 seconds (JVM running for 31.817)
2017-11-14 15:23:08.210  INFO 4784 --- [http-nio-8080-exec-1] o.a.c.c.C.[Tomcat].[localhost].[/]       : Initializing Spring FrameworkServlet 'dispatcherServlet'
2017-11-14 15:23:08.210  INFO 4784 --- [http-nio-8080-exec-1] o.s.web.servlet.DispatcherServlet        : FrameworkServlet 'dispatcherServlet': initialization started
2017-11-14 15:23:08.273  INFO 4784 --- [http-nio-8080-exec-1] o.s.web.servlet.DispatcherServlet        : FrameworkServlet 'dispatcherServlet': initialization completed in 63 ms
2017-11-14 15:24:25.040  INFO 4784 --- [Thread-6] ationConfigEmbeddedWebApplicationContext : Closing org.springframework.boot.context.embedded.AnnotationConfigEmbeddedWebApplicationContext@33f275d0: startup date [Tue Nov 14 15:22:39 EAT 2017]; parent: org.springframework.context.annotation.AnnotationConfigApplicationContext@78df2e3b
2017-11-14 15:26:51.088  INFO 3788 --- [main] org.turnquest.Application                : No active profile set, falling back to default profiles: default
2017-11-14 15:26:51.119  INFO 3788 --- [main] ationConfigEmbeddedWebApplicationContext : Refreshing org.springframework.boot.context.embedded.AnnotationConfigEmbeddedWebApplicationContext@325f5fa5: startup date [Tue Nov 14 15:26:51 EAT 2017]; parent: org.springframework.context.annotation.AnnotationConfigApplicationContext@10fcfc17
2017-11-14 15:26:53.646  INFO 3788 --- [main] o.s.b.f.s.DefaultListableBeanFactory     : Overriding bean definition for bean 'managementServletContext' with a different definition: replacing [Root bean: class [null]; scope=; abstract=false; lazyInit=false; autowireMode=3; dependencyCheck=0; autowireCandidate=true; primary=false; factoryBeanName=org.springframework.boot.actuate.autoconfigure.EndpointWebMvcHypermediaManagementContextConfiguration; factoryMethodName=managementServletContext; initMethodName=null; destroyMethodName=(inferred); defined in class path resource [org/springframework/boot/actuate/autoconfigure/EndpointWebMvcHypermediaManagementContextConfiguration.class]] with [Root bean: class [null]; scope=; abstract=false; lazyInit=false; autowireMode=3; dependencyCheck=0; autowireCandidate=true; primary=false; factoryBeanName=org.springframework.boot.actuate.autoconfigure.EndpointWebMvcAutoConfiguration; factoryMethodName=managementServletContext; initMethodName=null; destroyMethodName=(inferred); defined in class path resource [org/springframework/boot/actuate/autoconfigure/EndpointWebMvcAutoConfiguration.class]]
2017-11-14 15:26:54.473  INFO 3788 --- [main] o.s.cloud.context.scope.GenericScope     : BeanFactory id=fb84b1fc-0ab4-3f44-a366-0424a95fa61f
2017-11-14 15:26:54.925  INFO 3788 --- [main] trationDelegate$BeanPostProcessorChecker : Bean 'org.springframework.transaction.annotation.ProxyTransactionManagementConfiguration' of type [org.springframework.transaction.annotation.ProxyTransactionManagementConfiguration$$EnhancerBySpringCGLIB$$ea3b7600] is not eligible for getting processed by all BeanPostProcessors (for example: not eligible for auto-proxying)
2017-11-14 15:26:55.050  INFO 3788 --- [main] trationDelegate$BeanPostProcessorChecker : Bean 'org.springframework.security.config.annotation.configuration.ObjectPostProcessorConfiguration' of type [org.springframework.security.config.annotation.configuration.ObjectPostProcessorConfiguration$$EnhancerBySpringCGLIB$$82e93e3a] is not eligible for getting processed by all BeanPostProcessors (for example: not eligible for auto-proxying)
2017-11-14 15:26:55.081  INFO 3788 --- [main] trationDelegate$BeanPostProcessorChecker : Bean 'objectPostProcessor' of type [org.springframework.security.config.annotation.configuration.AutowireBeanFactoryObjectPostProcessor] is not eligible for getting processed by all BeanPostProcessors (for example: not eligible for auto-proxying)
2017-11-14 15:26:55.081  INFO 3788 --- [main] trationDelegate$BeanPostProcessorChecker : Bean 'org.springframework.security.access.expression.method.DefaultMethodSecurityExpressionHandler@2106d7fa' of type [org.springframework.security.access.expression.method.DefaultMethodSecurityExpressionHandler] is not eligible for getting processed by all BeanPostProcessors (for example: not eligible for auto-proxying)
2017-11-14 15:26:55.097  INFO 3788 --- [main] trationDelegate$BeanPostProcessorChecker : Bean 'org.springframework.security.config.annotation.method.configuration.GlobalMethodSecurityConfiguration' of type [org.springframework.security.config.annotation.method.configuration.GlobalMethodSecurityConfiguration$$EnhancerBySpringCGLIB$$a7bde0ec] is not eligible for getting processed by all BeanPostProcessors (for example: not eligible for auto-proxying)
2017-11-14 15:26:55.144  INFO 3788 --- [main] trationDelegate$BeanPostProcessorChecker : Bean 'methodSecurityMetadataSource' of type [org.springframework.security.access.method.DelegatingMethodSecurityMetadataSource] is not eligible for getting processed by all BeanPostProcessors (for example: not eligible for auto-proxying)
2017-11-14 15:26:55.222  INFO 3788 --- [main] trationDelegate$BeanPostProcessorChecker : Bean 'org.springframework.cloud.autoconfigure.ConfigurationPropertiesRebinderAutoConfiguration' of type [org.springframework.cloud.autoconfigure.ConfigurationPropertiesRebinderAutoConfiguration$$EnhancerBySpringCGLIB$$65578fd] is not eligible for getting processed by all BeanPostProcessors (for example: not eligible for auto-proxying)
2017-11-14 15:26:56.064  INFO 3788 --- [main] s.b.c.e.t.TomcatEmbeddedServletContainer : Tomcat initialized with port(s): 8080 (http)
2017-11-14 15:26:56.111  INFO 3788 --- [main] o.apache.catalina.core.StandardService   : Starting service Tomcat
2017-11-14 15:26:56.111  INFO 3788 --- [main] org.apache.catalina.core.StandardEngine  : Starting Servlet Engine: Apache Tomcat/8.5.11
2017-11-14 15:26:56.298  INFO 3788 --- [localhost-startStop-1] o.a.c.c.C.[Tomcat].[localhost].[/]       : Initializing Spring embedded WebApplicationContext
2017-11-14 15:26:56.298  INFO 3788 --- [localhost-startStop-1] o.s.web.context.ContextLoader            : Root WebApplicationContext: initialization completed in 5179 ms
2017-11-14 15:26:57.000  INFO 3788 --- [localhost-startStop-1] o.s.b.w.servlet.FilterRegistrationBean   : Mapping filter: 'simpleCorsFilter' to: [/*]
2017-11-14 15:26:57.031  INFO 3788 --- [localhost-startStop-1] o.s.b.w.servlet.FilterRegistrationBean   : Mapping filter: 'metricsFilter' to: [/*]
2017-11-14 15:26:57.031  INFO 3788 --- [localhost-startStop-1] o.s.b.w.servlet.FilterRegistrationBean   : Mapping filter: 'characterEncodingFilter' to: [/*]
2017-11-14 15:26:57.031  INFO 3788 --- [localhost-startStop-1] o.s.b.w.servlet.FilterRegistrationBean   : Mapping filter: 'hiddenHttpMethodFilter' to: [/*]
2017-11-14 15:26:57.031  INFO 3788 --- [localhost-startStop-1] o.s.b.w.servlet.FilterRegistrationBean   : Mapping filter: 'httpPutFormContentFilter' to: [/*]
2017-11-14 15:26:57.031  INFO 3788 --- [localhost-startStop-1] o.s.b.w.servlet.FilterRegistrationBean   : Mapping filter: 'requestContextFilter' to: [/*]
2017-11-14 15:26:57.031  INFO 3788 --- [localhost-startStop-1] .s.DelegatingFilterProxyRegistrationBean : Mapping filter: 'springSecurityFilterChain' to: [/*]
2017-11-14 15:26:57.047  INFO 3788 --- [localhost-startStop-1] o.s.b.w.servlet.FilterRegistrationBean   : Mapping filter: 'webRequestLoggingFilter' to: [/*]
2017-11-14 15:26:57.047  INFO 3788 --- [localhost-startStop-1] o.s.b.w.servlet.FilterRegistrationBean   : Mapping filter: 'applicationContextIdFilter' to: [/*]
2017-11-14 15:26:57.063  INFO 3788 --- [localhost-startStop-1] o.s.b.w.servlet.ServletRegistrationBean  : Mapping servlet: 'dispatcherServlet' to [/]
2017-11-14 15:27:01.243  INFO 3788 --- [main] j.LocalContainerEntityManagerFactoryBean : Building JPA container EntityManagerFactory for persistence unit 'default'
2017-11-14 15:27:01.275  INFO 3788 --- [main] o.hibernate.jpa.internal.util.LogHelper  : HHH000204: Processing PersistenceUnitInfo [
	name: default
	...]
2017-11-14 15:27:01.431  INFO 3788 --- [main] org.hibernate.Version                    : HHH000412: Hibernate Core {5.0.12.Final}
2017-11-14 15:27:01.446  INFO 3788 --- [main] org.hibernate.cfg.Environment            : HHH000206: hibernate.properties not found
2017-11-14 15:27:01.446  INFO 3788 --- [main] org.hibernate.cfg.Environment            : HHH000021: Bytecode provider name : javassist
2017-11-14 15:27:01.555  INFO 3788 --- [main] o.hibernate.annotations.common.Version   : HCANN000001: Hibernate Commons Annotations {5.0.1.Final}
2017-11-14 15:27:01.867  INFO 3788 --- [main] org.hibernate.dialect.Dialect            : HHH000400: Using dialect: org.hibernate.dialect.Oracle9iDialect
2017-11-14 15:27:02.569  WARN 3788 --- [main] org.hibernate.orm.deprecation            : HHH90000014: Found use of deprecated [org.hibernate.id.SequenceHiLoGenerator] sequence-based id generator; use org.hibernate.id.enhanced.SequenceStyleGenerator instead.  See Hibernate Domain Model Mapping Guide for details.
2017-11-14 15:27:03.069  INFO 3788 --- [main] j.LocalContainerEntityManagerFactoryBean : Initialized JPA EntityManagerFactory for persistence unit 'default'
2017-11-14 15:27:05.502  INFO 3788 --- [main] s.w.s.m.m.a.RequestMappingHandlerMapping : Mapped "{[/bima-bamba/sms/sendSms],methods=[POST]}" onto public java.lang.String org.turnquest.SendSMS.SmsRestController.sendSms(org.turnquest.SendSMS.SmsBean)
2017-11-14 15:27:05.549  INFO 3788 --- [main] s.w.s.m.m.a.RequestMappingHandlerMapping : Mapped "{[/bima-bamba/setups/fetchCurrencies],methods=[GET]}" onto public java.util.List<org.turnquest.setups.SetupBean> org.turnquest.setups.SettingsProcImpl.fetchCurrency()
2017-11-14 15:27:05.549  INFO 3788 --- [main] s.w.s.m.m.a.RequestMappingHandlerMapping : Mapped "{[/bima-bamba/setups/fetchCountries],methods=[GET]}" onto public java.util.List<org.turnquest.setups.SetupBean> org.turnquest.setups.SettingsProcImpl.fetchCountries()
2017-11-14 15:27:05.549  INFO 3788 --- [main] s.w.s.m.m.a.RequestMappingHandlerMapping : Mapped "{[/bima-bamba/files/download],methods=[GET]}" onto public org.springframework.http.HttpEntity<byte[]> org.turnquest.upload.UploadController.download(java.math.BigDecimal)
2017-11-14 15:27:05.565  INFO 3788 --- [main] s.w.s.m.m.a.RequestMappingHandlerMapping : Mapped "{[/bima-bamba/files/doclisting],methods=[GET]}" onto public java.util.List<org.turnquest.upload.Uploads> org.turnquest.upload.UploadController.fetchProducts(java.lang.String)
2017-11-14 15:27:05.565  INFO 3788 --- [main] s.w.s.m.m.a.RequestMappingHandlerMapping : Mapped "{[/bima-bamba/files/upload],methods=[POST],consumes=[multipart/form-data]}" onto public org.springframework.http.ResponseEntity org.turnquest.upload.UploadController.uploadFileHandler(org.springframework.web.multipart.MultipartFile,java.lang.String,java.lang.String)
2017-11-14 15:27:05.565  INFO 3788 --- [main] s.w.s.m.m.a.RequestMappingHandlerMapping : Mapped "{[/swagger-resources]}" onto public org.springframework.http.ResponseEntity<java.util.List<springfox.documentation.swagger.web.SwaggerResource>> springfox.documentation.swagger.web.ApiResourceController.swaggerResources()
2017-11-14 15:27:05.565  INFO 3788 --- [main] s.w.s.m.m.a.RequestMappingHandlerMapping : Mapped "{[/swagger-resources/configuration/ui]}" onto public org.springframework.http.ResponseEntity<springfox.documentation.swagger.web.UiConfiguration> springfox.documentation.swagger.web.ApiResourceController.uiConfiguration()
2017-11-14 15:27:05.565  INFO 3788 --- [main] s.w.s.m.m.a.RequestMappingHandlerMapping : Mapped "{[/swagger-resources/configuration/security]}" onto public org.springframework.http.ResponseEntity<springfox.documentation.swagger.web.SecurityConfiguration> springfox.documentation.swagger.web.ApiResourceController.securityConfiguration()
2017-11-14 15:27:05.580  INFO 3788 --- [main] s.w.s.m.m.a.RequestMappingHandlerMapping : Mapped "{[/error]}" onto public org.springframework.http.ResponseEntity<java.util.Map<java.lang.String, java.lang.Object>> org.springframework.boot.autoconfigure.web.BasicErrorController.error(javax.servlet.http.HttpServletRequest)
2017-11-14 15:27:05.580  INFO 3788 --- [main] s.w.s.m.m.a.RequestMappingHandlerMapping : Mapped "{[/error],produces=[text/html]}" onto public org.springframework.web.servlet.ModelAndView org.springframework.boot.autoconfigure.web.BasicErrorController.errorHtml(javax.servlet.http.HttpServletRequest,javax.servlet.http.HttpServletResponse)
2017-11-14 15:27:06.391  INFO 3788 --- [main] o.s.b.a.e.mvc.EndpointHandlerMapping     : Mapped "{[/dump || /dump.json],methods=[GET],produces=[application/vnd.spring-boot.actuator.v1+json || application/json]}" onto public java.lang.Object org.springframework.boot.actuate.endpoint.mvc.EndpointMvcAdapter.invoke()
2017-11-14 15:27:06.407  INFO 3788 --- [main] o.s.b.a.e.mvc.EndpointHandlerMapping     : Mapped "{[/metrics/{name:.*}],methods=[GET],produces=[application/vnd.spring-boot.actuator.v1+json || application/json]}" onto public java.lang.Object org.springframework.boot.actuate.endpoint.mvc.MetricsMvcEndpoint.value(java.lang.String)
2017-11-14 15:27:06.423  INFO 3788 --- [main] o.s.b.a.e.mvc.EndpointHandlerMapping     : Mapped "{[/metrics || /metrics.json],methods=[GET],produces=[application/vnd.spring-boot.actuator.v1+json || application/json]}" onto public java.lang.Object org.springframework.boot.actuate.endpoint.mvc.EndpointMvcAdapter.invoke()
2017-11-14 15:27:06.423  INFO 3788 --- [main] o.s.b.a.e.mvc.EndpointHandlerMapping     : Mapped "{[/logfile || /logfile.json],methods=[GET || HEAD]}" onto public void org.springframework.boot.actuate.endpoint.mvc.LogFileMvcEndpoint.invoke(javax.servlet.http.HttpServletRequest,javax.servlet.http.HttpServletResponse) throws javax.servlet.ServletException,java.io.IOException
2017-11-14 15:27:06.423  INFO 3788 --- [main] o.s.b.a.e.mvc.EndpointHandlerMapping     : Mapped "{[/refresh || /refresh.json],methods=[POST]}" onto public java.lang.Object org.springframework.cloud.endpoint.GenericPostableMvcEndpoint.invoke()
2017-11-14 15:27:06.423  INFO 3788 --- [main] o.s.b.a.e.mvc.EndpointHandlerMapping     : Mapped "{[/health || /health.json],methods=[GET],produces=[application/vnd.spring-boot.actuator.v1+json || application/json]}" onto public java.lang.Object org.springframework.boot.actuate.endpoint.mvc.HealthMvcEndpoint.invoke(javax.servlet.http.HttpServletRequest,java.security.Principal)
2017-11-14 15:27:06.423  INFO 3788 --- [main] o.s.b.a.e.mvc.EndpointHandlerMapping     : Mapped "{[/features || /features.json],methods=[GET],produces=[application/vnd.spring-boot.actuator.v1+json || application/json]}" onto public java.lang.Object org.springframework.boot.actuate.endpoint.mvc.EndpointMvcAdapter.invoke()
2017-11-14 15:27:06.438  INFO 3788 --- [main] o.s.b.a.e.mvc.EndpointHandlerMapping     : Mapped "{[/resume || /resume.json],methods=[POST]}" onto public java.lang.Object org.springframework.cloud.endpoint.GenericPostableMvcEndpoint.invoke()
2017-11-14 15:27:06.438  INFO 3788 --- [main] o.s.b.a.e.mvc.EndpointHandlerMapping     : Mapped "{[/beans || /beans.json],methods=[GET],produces=[application/vnd.spring-boot.actuator.v1+json || application/json]}" onto public java.lang.Object org.springframework.boot.actuate.endpoint.mvc.EndpointMvcAdapter.invoke()
2017-11-14 15:27:06.438  INFO 3788 --- [main] o.s.b.a.e.mvc.EndpointHandlerMapping     : Mapped "{[/heapdump || /heapdump.json],methods=[GET],produces=[application/octet-stream]}" onto public void org.springframework.boot.actuate.endpoint.mvc.HeapdumpMvcEndpoint.invoke(boolean,javax.servlet.http.HttpServletRequest,javax.servlet.http.HttpServletResponse) throws java.io.IOException,javax.servlet.ServletException
2017-11-14 15:27:06.454  INFO 3788 --- [main] o.s.b.a.e.mvc.EndpointHandlerMapping     : Mapped "{[/loggers/{name:.*}],methods=[GET],produces=[application/vnd.spring-boot.actuator.v1+json || application/json]}" onto public java.lang.Object org.springframework.boot.actuate.endpoint.mvc.LoggersMvcEndpoint.get(java.lang.String)
2017-11-14 15:27:06.454  INFO 3788 --- [main] o.s.b.a.e.mvc.EndpointHandlerMapping     : Mapped "{[/loggers/{name:.*}],methods=[POST],consumes=[application/vnd.spring-boot.actuator.v1+json || application/json],produces=[application/vnd.spring-boot.actuator.v1+json || application/json]}" onto public java.lang.Object org.springframework.boot.actuate.endpoint.mvc.LoggersMvcEndpoint.set(java.lang.String,java.util.Map<java.lang.String, java.lang.String>)
2017-11-14 15:27:06.454  INFO 3788 --- [main] o.s.b.a.e.mvc.EndpointHandlerMapping     : Mapped "{[/loggers || /loggers.json],methods=[GET],produces=[application/vnd.spring-boot.actuator.v1+json || application/json]}" onto public java.lang.Object org.springframework.boot.actuate.endpoint.mvc.EndpointMvcAdapter.invoke()
2017-11-14 15:27:06.454  INFO 3788 --- [main] o.s.b.a.e.mvc.EndpointHandlerMapping     : Mapped "{[/autoconfig || /autoconfig.json],methods=[GET],produces=[application/vnd.spring-boot.actuator.v1+json || application/json]}" onto public java.lang.Object org.springframework.boot.actuate.endpoint.mvc.EndpointMvcAdapter.invoke()
2017-11-14 15:27:06.454  INFO 3788 --- [main] o.s.b.a.e.mvc.EndpointHandlerMapping     : Mapped "{[/trace || /trace.json],methods=[GET],produces=[application/vnd.spring-boot.actuator.v1+json || application/json]}" onto public java.lang.Object org.springframework.boot.actuate.endpoint.mvc.EndpointMvcAdapter.invoke()
2017-11-14 15:27:06.469  INFO 3788 --- [main] o.s.b.a.e.mvc.EndpointHandlerMapping     : Mapped "{[/info || /info.json],methods=[GET],produces=[application/vnd.spring-boot.actuator.v1+json || application/json]}" onto public java.lang.Object org.springframework.boot.actuate.endpoint.mvc.EndpointMvcAdapter.invoke()
2017-11-14 15:27:06.469  INFO 3788 --- [main] o.s.b.a.e.mvc.EndpointHandlerMapping     : Mapped "{[/auditevents || /auditevents.json],methods=[GET],produces=[application/vnd.spring-boot.actuator.v1+json || application/json]}" onto public org.springframework.http.ResponseEntity<?> org.springframework.boot.actuate.endpoint.mvc.AuditEventsMvcEndpoint.findByPrincipalAndAfterAndType(java.lang.String,java.util.Date,java.lang.String)
2017-11-14 15:27:06.485  INFO 3788 --- [main] o.s.b.a.e.mvc.EndpointHandlerMapping     : Mapped "{[/env],methods=[POST]}" onto public java.lang.Object org.springframework.cloud.context.environment.EnvironmentManagerMvcEndpoint.value(java.util.Map<java.lang.String, java.lang.String>)
2017-11-14 15:27:06.485  INFO 3788 --- [main] o.s.b.a.e.mvc.EndpointHandlerMapping     : Mapped "{[/env/reset],methods=[POST]}" onto public java.util.Map<java.lang.String, java.lang.Object> org.springframework.cloud.context.environment.EnvironmentManagerMvcEndpoint.reset()
2017-11-14 15:27:06.485  INFO 3788 --- [main] o.s.b.a.e.mvc.EndpointHandlerMapping     : Mapped "{[/pause || /pause.json],methods=[POST]}" onto public java.lang.Object org.springframework.cloud.endpoint.GenericPostableMvcEndpoint.invoke()
2017-11-14 15:27:06.485  INFO 3788 --- [main] o.s.b.a.e.mvc.EndpointHandlerMapping     : Mapped "{[/env/{name:.*}],methods=[GET],produces=[application/vnd.spring-boot.actuator.v1+json || application/json]}" onto public java.lang.Object org.springframework.boot.actuate.endpoint.mvc.EnvironmentMvcEndpoint.value(java.lang.String)
2017-11-14 15:27:06.485  INFO 3788 --- [main] o.s.b.a.e.mvc.EndpointHandlerMapping     : Mapped "{[/env || /env.json],methods=[GET],produces=[application/vnd.spring-boot.actuator.v1+json || application/json]}" onto public java.lang.Object org.springframework.boot.actuate.endpoint.mvc.EndpointMvcAdapter.invoke()
2017-11-14 15:27:06.485  INFO 3788 --- [main] o.s.b.a.e.mvc.EndpointHandlerMapping     : Mapped "{[/configprops || /configprops.json],methods=[GET],produces=[application/vnd.spring-boot.actuator.v1+json || application/json]}" onto public java.lang.Object org.springframework.boot.actuate.endpoint.mvc.EndpointMvcAdapter.invoke()
2017-11-14 15:27:06.501  INFO 3788 --- [main] o.s.b.a.e.mvc.EndpointHandlerMapping     : Mapped "{[/restart || /restart.json],methods=[POST]}" onto public java.lang.Object org.springframework.cloud.context.restart.RestartMvcEndpoint.invoke()
2017-11-14 15:27:06.501  INFO 3788 --- [main] o.s.b.a.e.mvc.EndpointHandlerMapping     : Mapped "{[/actuator || /actuator.json],methods=[GET],produces=[application/vnd.spring-boot.actuator.v1+json || application/json]}" onto public org.springframework.hateoas.ResourceSupport org.springframework.boot.actuate.endpoint.mvc.HalJsonMvcEndpoint.links()
2017-11-14 15:27:06.501  INFO 3788 --- [main] o.s.b.a.e.mvc.EndpointHandlerMapping     : Mapped "{[/mappings || /mappings.json],methods=[GET],produces=[application/vnd.spring-boot.actuator.v1+json || application/json]}" onto public java.lang.Object org.springframework.boot.actuate.endpoint.mvc.EndpointMvcAdapter.invoke()
2017-11-14 15:27:07.125  INFO 3788 --- [main] pertySourcedRequestMappingHandlerMapping : Mapped URL path [/v2/api-docs] onto method [public org.springframework.http.ResponseEntity<springfox.documentation.spring.web.json.Json> springfox.documentation.swagger2.web.Swagger2Controller.getDocumentation(java.lang.String,javax.servlet.http.HttpServletRequest)]
2017-11-14 15:27:07.499  INFO 3788 --- [main] s.w.s.m.m.a.RequestMappingHandlerAdapter : Looking for @ControllerAdvice: org.springframework.boot.context.embedded.AnnotationConfigEmbeddedWebApplicationContext@325f5fa5: startup date [Tue Nov 14 15:26:51 EAT 2017]; parent: org.springframework.context.annotation.AnnotationConfigApplicationContext@10fcfc17
2017-11-14 15:27:07.530  INFO 3788 --- [main] s.w.s.m.m.a.RequestMappingHandlerAdapter : Detected ResponseBodyAdvice bean in org.springframework.boot.actuate.autoconfigure.EndpointWebMvcHypermediaManagementContextConfiguration$ActuatorEndpointLinksAdvice
2017-11-14 15:27:07.686  INFO 3788 --- [main] o.s.w.s.handler.SimpleUrlHandlerMapping  : Mapped URL path [/webjars/**] onto handler of type [class org.springframework.web.servlet.resource.ResourceHttpRequestHandler]
2017-11-14 15:27:07.702  INFO 3788 --- [main] o.s.w.s.handler.SimpleUrlHandlerMapping  : Mapped URL path [/**] onto handler of type [class org.springframework.web.servlet.resource.ResourceHttpRequestHandler]
2017-11-14 15:27:07.749  INFO 3788 --- [main] .m.m.a.ExceptionHandlerExceptionResolver : Detected ResponseBodyAdvice implementation in org.springframework.boot.actuate.autoconfigure.EndpointWebMvcHypermediaManagementContextConfiguration$ActuatorEndpointLinksAdvice
2017-11-14 15:27:07.811  INFO 3788 --- [main] o.s.w.s.handler.SimpleUrlHandlerMapping  : Mapped URL path [/**/favicon.ico] onto handler of type [class org.springframework.web.servlet.resource.ResourceHttpRequestHandler]
2017-11-14 15:27:07.889  WARN 3788 --- [main] .t.AbstractTemplateResolverConfiguration : Cannot find template location: classpath:/templates/ (please add some templates or check your Thymeleaf configuration)
2017-11-14 15:27:08.903  INFO 3788 --- [main] b.a.s.AuthenticationManagerConfiguration : 

Using default security password: 88d69be9-3d3c-433c-902f-3e2109d64ad9

2017-11-14 15:27:09.059  INFO 3788 --- [main] o.s.s.web.DefaultSecurityFilterChain     : Creating filter chain: OrRequestMatcher [requestMatchers=[Ant [pattern='/css/**'], Ant [pattern='/js/**'], Ant [pattern='/images/**'], Ant [pattern='/webjars/**'], Ant [pattern='/**/favicon.ico'], Ant [pattern='/error']]], []
2017-11-14 15:27:09.075  INFO 3788 --- [main] o.s.s.web.DefaultSecurityFilterChain     : Creating filter chain: org.springframework.boot.actuate.autoconfigure.ManagementWebSecurityAutoConfiguration$LazyEndpointPathRequestMatcher@214ebb8b, []
2017-11-14 15:27:09.293  INFO 3788 --- [main] o.s.s.web.DefaultSecurityFilterChain     : Creating filter chain: OrRequestMatcher [requestMatchers=[Ant [pattern='/**']]], [org.springframework.security.web.context.request.async.WebAsyncManagerIntegrationFilter@7f1ffe9c, org.springframework.security.web.context.SecurityContextPersistenceFilter@329ccb3c, org.springframework.security.web.header.HeaderWriterFilter@66b4194c, org.springframework.security.web.authentication.logout.LogoutFilter@6d1d7c3b, org.springframework.security.web.authentication.www.BasicAuthenticationFilter@2b0a7cd4, org.springframework.security.web.savedrequest.RequestCacheAwareFilter@2991ec70, org.springframework.security.web.servletapi.SecurityContextHolderAwareRequestFilter@2143189c, org.springframework.security.web.authentication.AnonymousAuthenticationFilter@7add7c6b, org.springframework.security.web.session.SessionManagementFilter@740a248b, org.springframework.security.web.access.ExceptionTranslationFilter@45f6446, org.springframework.security.web.access.intercept.FilterSecurityInterceptor@2c952a4e]
2017-11-14 15:27:10.572  INFO 3788 --- [main] o.s.j.e.a.AnnotationMBeanExporter        : Registering beans for JMX exposure on startup
2017-11-14 15:27:10.572  INFO 3788 --- [main] o.s.j.e.a.AnnotationMBeanExporter        : Bean with name 'dataSource' has been autodetected for JMX exposure
2017-11-14 15:27:10.603  INFO 3788 --- [main] o.s.j.e.a.AnnotationMBeanExporter        : Bean with name 'configurationPropertiesRebinder' has been autodetected for JMX exposure
2017-11-14 15:27:10.619  INFO 3788 --- [main] o.s.j.e.a.AnnotationMBeanExporter        : Bean with name 'refreshEndpoint' has been autodetected for JMX exposure
2017-11-14 15:27:10.619  INFO 3788 --- [main] o.s.j.e.a.AnnotationMBeanExporter        : Bean with name 'restartEndpoint' has been autodetected for JMX exposure
2017-11-14 15:27:10.619  INFO 3788 --- [main] o.s.j.e.a.AnnotationMBeanExporter        : Bean with name 'environmentManager' has been autodetected for JMX exposure
2017-11-14 15:27:10.619  INFO 3788 --- [main] o.s.j.e.a.AnnotationMBeanExporter        : Bean with name 'refreshScope' has been autodetected for JMX exposure
2017-11-14 15:27:10.635  INFO 3788 --- [main] o.s.j.e.a.AnnotationMBeanExporter        : Located managed bean 'environmentManager': registering with JMX server as MBean [org.springframework.cloud.context.environment:name=environmentManager,type=EnvironmentManager]
2017-11-14 15:27:10.666  INFO 3788 --- [main] o.s.j.e.a.AnnotationMBeanExporter        : Located managed bean 'restartEndpoint': registering with JMX server as MBean [org.springframework.cloud.context.restart:name=restartEndpoint,type=RestartEndpoint]
2017-11-14 15:27:10.713  INFO 3788 --- [main] o.s.j.e.a.AnnotationMBeanExporter        : Located managed bean 'refreshScope': registering with JMX server as MBean [org.springframework.cloud.context.scope.refresh:name=refreshScope,type=RefreshScope]
2017-11-14 15:27:10.744  INFO 3788 --- [main] o.s.j.e.a.AnnotationMBeanExporter        : Located managed bean 'configurationPropertiesRebinder': registering with JMX server as MBean [org.springframework.cloud.context.properties:name=configurationPropertiesRebinder,context=325f5fa5,type=ConfigurationPropertiesRebinder]
2017-11-14 15:27:10.759  INFO 3788 --- [main] o.s.j.e.a.AnnotationMBeanExporter        : Located MBean 'dataSource': registering with JMX server as MBean [org.apache.commons.dbcp2:name=dataSource,type=BasicDataSource]
2017-11-14 15:27:10.775  INFO 3788 --- [main] o.s.j.e.a.AnnotationMBeanExporter        : Located managed bean 'refreshEndpoint': registering with JMX server as MBean [org.springframework.cloud.endpoint:name=refreshEndpoint,type=RefreshEndpoint]
2017-11-14 15:27:11.149  INFO 3788 --- [main] o.s.c.support.DefaultLifecycleProcessor  : Starting beans in phase 0
2017-11-14 15:27:11.243  INFO 3788 --- [main] o.s.c.support.DefaultLifecycleProcessor  : Starting beans in phase 2147483647
2017-11-14 15:27:11.259  INFO 3788 --- [main] d.s.w.p.DocumentationPluginsBootstrapper : Context refreshed
2017-11-14 15:27:11.321  INFO 3788 --- [main] d.s.w.p.DocumentationPluginsBootstrapper : Found 1 custom documentation plugin(s)
2017-11-14 15:27:11.446  INFO 3788 --- [main] s.d.s.w.s.ApiListingReferenceScanner     : Scanning for api listing references
2017-11-14 15:27:11.976  INFO 3788 --- [main] s.b.c.e.t.TomcatEmbeddedServletContainer : Tomcat started on port(s): 8080 (http)
2017-11-14 15:27:11.992  INFO 3788 --- [main] org.turnquest.Application                : Started Application in 25.147 seconds (JVM running for 37.565)
2017-11-14 15:27:21.734  INFO 3788 --- [http-nio-8080-exec-1] o.a.c.c.C.[Tomcat].[localhost].[/]       : Initializing Spring FrameworkServlet 'dispatcherServlet'
2017-11-14 15:27:21.734  INFO 3788 --- [http-nio-8080-exec-1] o.s.web.servlet.DispatcherServlet        : FrameworkServlet 'dispatcherServlet': initialization started
2017-11-14 15:27:21.781  INFO 3788 --- [http-nio-8080-exec-1] o.s.web.servlet.DispatcherServlet        : FrameworkServlet 'dispatcherServlet': initialization completed in 47 ms
2017-11-14 15:29:32.971  INFO 4496 --- [main] org.turnquest.Application                : No active profile set, falling back to default profiles: default
2017-11-14 15:29:33.003  INFO 4496 --- [main] ationConfigEmbeddedWebApplicationContext : Refreshing org.springframework.boot.context.embedded.AnnotationConfigEmbeddedWebApplicationContext@2eae11d3: startup date [Tue Nov 14 15:29:33 EAT 2017]; parent: org.springframework.context.annotation.AnnotationConfigApplicationContext@78059e7c
2017-11-14 15:29:35.545  INFO 4496 --- [main] o.s.b.f.s.DefaultListableBeanFactory     : Overriding bean definition for bean 'managementServletContext' with a different definition: replacing [Root bean: class [null]; scope=; abstract=false; lazyInit=false; autowireMode=3; dependencyCheck=0; autowireCandidate=true; primary=false; factoryBeanName=org.springframework.boot.actuate.autoconfigure.EndpointWebMvcHypermediaManagementContextConfiguration; factoryMethodName=managementServletContext; initMethodName=null; destroyMethodName=(inferred); defined in class path resource [org/springframework/boot/actuate/autoconfigure/EndpointWebMvcHypermediaManagementContextConfiguration.class]] with [Root bean: class [null]; scope=; abstract=false; lazyInit=false; autowireMode=3; dependencyCheck=0; autowireCandidate=true; primary=false; factoryBeanName=org.springframework.boot.actuate.autoconfigure.EndpointWebMvcAutoConfiguration; factoryMethodName=managementServletContext; initMethodName=null; destroyMethodName=(inferred); defined in class path resource [org/springframework/boot/actuate/autoconfigure/EndpointWebMvcAutoConfiguration.class]]
2017-11-14 15:29:36.419  INFO 4496 --- [main] o.s.cloud.context.scope.GenericScope     : BeanFactory id=bb7b8e10-04a5-3ed3-b2c6-bfa1b6ecaad8
2017-11-14 15:29:36.918  INFO 4496 --- [main] trationDelegate$BeanPostProcessorChecker : Bean 'org.springframework.transaction.annotation.ProxyTransactionManagementConfiguration' of type [org.springframework.transaction.annotation.ProxyTransactionManagementConfiguration$$EnhancerBySpringCGLIB$$3917cac9] is not eligible for getting processed by all BeanPostProcessors (for example: not eligible for auto-proxying)
2017-11-14 15:29:37.043  INFO 4496 --- [main] trationDelegate$BeanPostProcessorChecker : Bean 'org.springframework.security.config.annotation.configuration.ObjectPostProcessorConfiguration' of type [org.springframework.security.config.annotation.configuration.ObjectPostProcessorConfiguration$$EnhancerBySpringCGLIB$$d1c59303] is not eligible for getting processed by all BeanPostProcessors (for example: not eligible for auto-proxying)
2017-11-14 15:29:37.074  INFO 4496 --- [main] trationDelegate$BeanPostProcessorChecker : Bean 'objectPostProcessor' of type [org.springframework.security.config.annotation.configuration.AutowireBeanFactoryObjectPostProcessor] is not eligible for getting processed by all BeanPostProcessors (for example: not eligible for auto-proxying)
2017-11-14 15:29:37.074  INFO 4496 --- [main] trationDelegate$BeanPostProcessorChecker : Bean 'org.springframework.security.access.expression.method.DefaultMethodSecurityExpressionHandler@3c1341d5' of type [org.springframework.security.access.expression.method.DefaultMethodSecurityExpressionHandler] is not eligible for getting processed by all BeanPostProcessors (for example: not eligible for auto-proxying)
2017-11-14 15:29:37.090  INFO 4496 --- [main] trationDelegate$BeanPostProcessorChecker : Bean 'org.springframework.security.config.annotation.method.configuration.GlobalMethodSecurityConfiguration' of type [org.springframework.security.config.annotation.method.configuration.GlobalMethodSecurityConfiguration$$EnhancerBySpringCGLIB$$f69a35b5] is not eligible for getting processed by all BeanPostProcessors (for example: not eligible for auto-proxying)
2017-11-14 15:29:37.137  INFO 4496 --- [main] trationDelegate$BeanPostProcessorChecker : Bean 'methodSecurityMetadataSource' of type [org.springframework.security.access.method.DelegatingMethodSecurityMetadataSource] is not eligible for getting processed by all BeanPostProcessors (for example: not eligible for auto-proxying)
2017-11-14 15:29:37.199  INFO 4496 --- [main] trationDelegate$BeanPostProcessorChecker : Bean 'org.springframework.cloud.autoconfigure.ConfigurationPropertiesRebinderAutoConfiguration' of type [org.springframework.cloud.autoconfigure.ConfigurationPropertiesRebinderAutoConfiguration$$EnhancerBySpringCGLIB$$5531cdc6] is not eligible for getting processed by all BeanPostProcessors (for example: not eligible for auto-proxying)
2017-11-14 15:29:38.041  INFO 4496 --- [main] s.b.c.e.t.TomcatEmbeddedServletContainer : Tomcat initialized with port(s): 8080 (http)
2017-11-14 15:29:38.057  INFO 4496 --- [main] o.apache.catalina.core.StandardService   : Starting service Tomcat
2017-11-14 15:29:38.073  INFO 4496 --- [main] org.apache.catalina.core.StandardEngine  : Starting Servlet Engine: Apache Tomcat/8.5.11
2017-11-14 15:29:38.260  INFO 4496 --- [localhost-startStop-1] o.a.c.c.C.[Tomcat].[localhost].[/]       : Initializing Spring embedded WebApplicationContext
2017-11-14 15:29:38.275  INFO 4496 --- [localhost-startStop-1] o.s.web.context.ContextLoader            : Root WebApplicationContext: initialization completed in 5272 ms
2017-11-14 15:29:38.962  INFO 4496 --- [localhost-startStop-1] o.s.b.w.servlet.FilterRegistrationBean   : Mapping filter: 'simpleCorsFilter' to: [/*]
2017-11-14 15:29:38.977  INFO 4496 --- [localhost-startStop-1] o.s.b.w.servlet.FilterRegistrationBean   : Mapping filter: 'metricsFilter' to: [/*]
2017-11-14 15:29:38.993  INFO 4496 --- [localhost-startStop-1] o.s.b.w.servlet.FilterRegistrationBean   : Mapping filter: 'characterEncodingFilter' to: [/*]
2017-11-14 15:29:38.993  INFO 4496 --- [localhost-startStop-1] o.s.b.w.servlet.FilterRegistrationBean   : Mapping filter: 'hiddenHttpMethodFilter' to: [/*]
2017-11-14 15:29:38.993  INFO 4496 --- [localhost-startStop-1] o.s.b.w.servlet.FilterRegistrationBean   : Mapping filter: 'httpPutFormContentFilter' to: [/*]
2017-11-14 15:29:38.993  INFO 4496 --- [localhost-startStop-1] o.s.b.w.servlet.FilterRegistrationBean   : Mapping filter: 'requestContextFilter' to: [/*]
2017-11-14 15:29:38.993  INFO 4496 --- [localhost-startStop-1] .s.DelegatingFilterProxyRegistrationBean : Mapping filter: 'springSecurityFilterChain' to: [/*]
2017-11-14 15:29:38.993  INFO 4496 --- [localhost-startStop-1] o.s.b.w.servlet.FilterRegistrationBean   : Mapping filter: 'webRequestLoggingFilter' to: [/*]
2017-11-14 15:29:39.009  INFO 4496 --- [localhost-startStop-1] o.s.b.w.servlet.FilterRegistrationBean   : Mapping filter: 'applicationContextIdFilter' to: [/*]
2017-11-14 15:29:39.009  INFO 4496 --- [localhost-startStop-1] o.s.b.w.servlet.ServletRegistrationBean  : Mapping servlet: 'dispatcherServlet' to [/]
2017-11-14 15:29:42.347  INFO 4496 --- [main] j.LocalContainerEntityManagerFactoryBean : Building JPA container EntityManagerFactory for persistence unit 'default'
2017-11-14 15:29:42.378  INFO 4496 --- [main] o.hibernate.jpa.internal.util.LogHelper  : HHH000204: Processing PersistenceUnitInfo [
	name: default
	...]
2017-11-14 15:29:42.550  INFO 4496 --- [main] org.hibernate.Version                    : HHH000412: Hibernate Core {5.0.12.Final}
2017-11-14 15:29:42.565  INFO 4496 --- [main] org.hibernate.cfg.Environment            : HHH000206: hibernate.properties not found
2017-11-14 15:29:42.565  INFO 4496 --- [main] org.hibernate.cfg.Environment            : HHH000021: Bytecode provider name : javassist
2017-11-14 15:29:42.675  INFO 4496 --- [main] o.hibernate.annotations.common.Version   : HCANN000001: Hibernate Commons Annotations {5.0.1.Final}
2017-11-14 15:29:43.002  INFO 4496 --- [main] org.hibernate.dialect.Dialect            : HHH000400: Using dialect: org.hibernate.dialect.Oracle9iDialect
2017-11-14 15:29:43.704  WARN 4496 --- [main] org.hibernate.orm.deprecation            : HHH90000014: Found use of deprecated [org.hibernate.id.SequenceHiLoGenerator] sequence-based id generator; use org.hibernate.id.enhanced.SequenceStyleGenerator instead.  See Hibernate Domain Model Mapping Guide for details.
2017-11-14 15:29:44.313  INFO 4496 --- [main] j.LocalContainerEntityManagerFactoryBean : Initialized JPA EntityManagerFactory for persistence unit 'default'
2017-11-14 15:29:46.715  INFO 4496 --- [main] s.w.s.m.m.a.RequestMappingHandlerMapping : Mapped "{[/bima-bamba/sms/sendSms],methods=[POST]}" onto public java.lang.String org.turnquest.SendSMS.SmsRestController.sendSms(org.turnquest.SendSMS.SmsBean)
2017-11-14 15:29:46.731  INFO 4496 --- [main] s.w.s.m.m.a.RequestMappingHandlerMapping : Mapped "{[/bima-bamba/setups/fetchCountries],methods=[GET]}" onto public java.util.List<org.turnquest.setups.SetupBean> org.turnquest.setups.SettingsProcImpl.fetchCountries()
2017-11-14 15:29:46.731  INFO 4496 --- [main] s.w.s.m.m.a.RequestMappingHandlerMapping : Mapped "{[/bima-bamba/setups/fetchCurrencies],methods=[GET]}" onto public java.util.List<org.turnquest.setups.SetupBean> org.turnquest.setups.SettingsProcImpl.fetchCurrency()
2017-11-14 15:29:46.746  INFO 4496 --- [main] s.w.s.m.m.a.RequestMappingHandlerMapping : Mapped "{[/bima-bamba/files/download],methods=[GET]}" onto public org.springframework.http.HttpEntity<byte[]> org.turnquest.upload.UploadController.download(java.math.BigDecimal)
2017-11-14 15:29:46.746  INFO 4496 --- [main] s.w.s.m.m.a.RequestMappingHandlerMapping : Mapped "{[/bima-bamba/files/upload],methods=[POST],consumes=[multipart/form-data]}" onto public org.springframework.http.ResponseEntity org.turnquest.upload.UploadController.uploadFileHandler(org.springframework.web.multipart.MultipartFile,java.lang.String,java.lang.String)
2017-11-14 15:29:46.746  INFO 4496 --- [main] s.w.s.m.m.a.RequestMappingHandlerMapping : Mapped "{[/bima-bamba/files/doclisting],methods=[GET]}" onto public java.util.List<org.turnquest.upload.Uploads> org.turnquest.upload.UploadController.fetchProducts(java.lang.String)
2017-11-14 15:29:46.746  INFO 4496 --- [main] s.w.s.m.m.a.RequestMappingHandlerMapping : Mapped "{[/swagger-resources/configuration/security]}" onto public org.springframework.http.ResponseEntity<springfox.documentation.swagger.web.SecurityConfiguration> springfox.documentation.swagger.web.ApiResourceController.securityConfiguration()
2017-11-14 15:29:46.762  INFO 4496 --- [main] s.w.s.m.m.a.RequestMappingHandlerMapping : Mapped "{[/swagger-resources]}" onto public org.springframework.http.ResponseEntity<java.util.List<springfox.documentation.swagger.web.SwaggerResource>> springfox.documentation.swagger.web.ApiResourceController.swaggerResources()
2017-11-14 15:29:46.762  INFO 4496 --- [main] s.w.s.m.m.a.RequestMappingHandlerMapping : Mapped "{[/swagger-resources/configuration/ui]}" onto public org.springframework.http.ResponseEntity<springfox.documentation.swagger.web.UiConfiguration> springfox.documentation.swagger.web.ApiResourceController.uiConfiguration()
2017-11-14 15:29:46.762  INFO 4496 --- [main] s.w.s.m.m.a.RequestMappingHandlerMapping : Mapped "{[/error]}" onto public org.springframework.http.ResponseEntity<java.util.Map<java.lang.String, java.lang.Object>> org.springframework.boot.autoconfigure.web.BasicErrorController.error(javax.servlet.http.HttpServletRequest)
2017-11-14 15:29:46.762  INFO 4496 --- [main] s.w.s.m.m.a.RequestMappingHandlerMapping : Mapped "{[/error],produces=[text/html]}" onto public org.springframework.web.servlet.ModelAndView org.springframework.boot.autoconfigure.web.BasicErrorController.errorHtml(javax.servlet.http.HttpServletRequest,javax.servlet.http.HttpServletResponse)
2017-11-14 15:29:47.651  INFO 4496 --- [main] o.s.b.a.e.mvc.EndpointHandlerMapping     : Mapped "{[/restart || /restart.json],methods=[POST]}" onto public java.lang.Object org.springframework.cloud.context.restart.RestartMvcEndpoint.invoke()
2017-11-14 15:29:47.667  INFO 4496 --- [main] o.s.b.a.e.mvc.EndpointHandlerMapping     : Mapped "{[/autoconfig || /autoconfig.json],methods=[GET],produces=[application/vnd.spring-boot.actuator.v1+json || application/json]}" onto public java.lang.Object org.springframework.boot.actuate.endpoint.mvc.EndpointMvcAdapter.invoke()
2017-11-14 15:29:47.667  INFO 4496 --- [main] o.s.b.a.e.mvc.EndpointHandlerMapping     : Mapped "{[/info || /info.json],methods=[GET],produces=[application/vnd.spring-boot.actuator.v1+json || application/json]}" onto public java.lang.Object org.springframework.boot.actuate.endpoint.mvc.EndpointMvcAdapter.invoke()
2017-11-14 15:29:47.682  INFO 4496 --- [main] o.s.b.a.e.mvc.EndpointHandlerMapping     : Mapped "{[/mappings || /mappings.json],methods=[GET],produces=[application/vnd.spring-boot.actuator.v1+json || application/json]}" onto public java.lang.Object org.springframework.boot.actuate.endpoint.mvc.EndpointMvcAdapter.invoke()
2017-11-14 15:29:47.682  INFO 4496 --- [main] o.s.b.a.e.mvc.EndpointHandlerMapping     : Mapped "{[/env/{name:.*}],methods=[GET],produces=[application/vnd.spring-boot.actuator.v1+json || application/json]}" onto public java.lang.Object org.springframework.boot.actuate.endpoint.mvc.EnvironmentMvcEndpoint.value(java.lang.String)
2017-11-14 15:29:47.682  INFO 4496 --- [main] o.s.b.a.e.mvc.EndpointHandlerMapping     : Mapped "{[/env || /env.json],methods=[GET],produces=[application/vnd.spring-boot.actuator.v1+json || application/json]}" onto public java.lang.Object org.springframework.boot.actuate.endpoint.mvc.EndpointMvcAdapter.invoke()
2017-11-14 15:29:47.682  INFO 4496 --- [main] o.s.b.a.e.mvc.EndpointHandlerMapping     : Mapped "{[/dump || /dump.json],methods=[GET],produces=[application/vnd.spring-boot.actuator.v1+json || application/json]}" onto public java.lang.Object org.springframework.boot.actuate.endpoint.mvc.EndpointMvcAdapter.invoke()
2017-11-14 15:29:47.682  INFO 4496 --- [main] o.s.b.a.e.mvc.EndpointHandlerMapping     : Mapped "{[/health || /health.json],methods=[GET],produces=[application/vnd.spring-boot.actuator.v1+json || application/json]}" onto public java.lang.Object org.springframework.boot.actuate.endpoint.mvc.HealthMvcEndpoint.invoke(javax.servlet.http.HttpServletRequest,java.security.Principal)
2017-11-14 15:29:47.698  INFO 4496 --- [main] o.s.b.a.e.mvc.EndpointHandlerMapping     : Mapped "{[/pause || /pause.json],methods=[POST]}" onto public java.lang.Object org.springframework.cloud.endpoint.GenericPostableMvcEndpoint.invoke()
2017-11-14 15:29:47.698  INFO 4496 --- [main] o.s.b.a.e.mvc.EndpointHandlerMapping     : Mapped "{[/features || /features.json],methods=[GET],produces=[application/vnd.spring-boot.actuator.v1+json || application/json]}" onto public java.lang.Object org.springframework.boot.actuate.endpoint.mvc.EndpointMvcAdapter.invoke()
2017-11-14 15:29:47.698  INFO 4496 --- [main] o.s.b.a.e.mvc.EndpointHandlerMapping     : Mapped "{[/trace || /trace.json],methods=[GET],produces=[application/vnd.spring-boot.actuator.v1+json || application/json]}" onto public java.lang.Object org.springframework.boot.actuate.endpoint.mvc.EndpointMvcAdapter.invoke()
2017-11-14 15:29:47.713  INFO 4496 --- [main] o.s.b.a.e.mvc.EndpointHandlerMapping     : Mapped "{[/beans || /beans.json],methods=[GET],produces=[application/vnd.spring-boot.actuator.v1+json || application/json]}" onto public java.lang.Object org.springframework.boot.actuate.endpoint.mvc.EndpointMvcAdapter.invoke()
2017-11-14 15:29:47.713  INFO 4496 --- [main] o.s.b.a.e.mvc.EndpointHandlerMapping     : Mapped "{[/loggers/{name:.*}],methods=[GET],produces=[application/vnd.spring-boot.actuator.v1+json || application/json]}" onto public java.lang.Object org.springframework.boot.actuate.endpoint.mvc.LoggersMvcEndpoint.get(java.lang.String)
2017-11-14 15:29:47.713  INFO 4496 --- [main] o.s.b.a.e.mvc.EndpointHandlerMapping     : Mapped "{[/loggers/{name:.*}],methods=[POST],consumes=[application/vnd.spring-boot.actuator.v1+json || application/json],produces=[application/vnd.spring-boot.actuator.v1+json || application/json]}" onto public java.lang.Object org.springframework.boot.actuate.endpoint.mvc.LoggersMvcEndpoint.set(java.lang.String,java.util.Map<java.lang.String, java.lang.String>)
2017-11-14 15:29:47.729  INFO 4496 --- [main] o.s.b.a.e.mvc.EndpointHandlerMapping     : Mapped "{[/loggers || /loggers.json],methods=[GET],produces=[application/vnd.spring-boot.actuator.v1+json || application/json]}" onto public java.lang.Object org.springframework.boot.actuate.endpoint.mvc.EndpointMvcAdapter.invoke()
2017-11-14 15:29:47.729  INFO 4496 --- [main] o.s.b.a.e.mvc.EndpointHandlerMapping     : Mapped "{[/metrics/{name:.*}],methods=[GET],produces=[application/vnd.spring-boot.actuator.v1+json || application/json]}" onto public java.lang.Object org.springframework.boot.actuate.endpoint.mvc.MetricsMvcEndpoint.value(java.lang.String)
2017-11-14 15:29:47.729  INFO 4496 --- [main] o.s.b.a.e.mvc.EndpointHandlerMapping     : Mapped "{[/metrics || /metrics.json],methods=[GET],produces=[application/vnd.spring-boot.actuator.v1+json || application/json]}" onto public java.lang.Object org.springframework.boot.actuate.endpoint.mvc.EndpointMvcAdapter.invoke()
2017-11-14 15:29:47.729  INFO 4496 --- [main] o.s.b.a.e.mvc.EndpointHandlerMapping     : Mapped "{[/env],methods=[POST]}" onto public java.lang.Object org.springframework.cloud.context.environment.EnvironmentManagerMvcEndpoint.value(java.util.Map<java.lang.String, java.lang.String>)
2017-11-14 15:29:47.729  INFO 4496 --- [main] o.s.b.a.e.mvc.EndpointHandlerMapping     : Mapped "{[/env/reset],methods=[POST]}" onto public java.util.Map<java.lang.String, java.lang.Object> org.springframework.cloud.context.environment.EnvironmentManagerMvcEndpoint.reset()
2017-11-14 15:29:47.729  INFO 4496 --- [main] o.s.b.a.e.mvc.EndpointHandlerMapping     : Mapped "{[/configprops || /configprops.json],methods=[GET],produces=[application/vnd.spring-boot.actuator.v1+json || application/json]}" onto public java.lang.Object org.springframework.boot.actuate.endpoint.mvc.EndpointMvcAdapter.invoke()
2017-11-14 15:29:47.745  INFO 4496 --- [main] o.s.b.a.e.mvc.EndpointHandlerMapping     : Mapped "{[/resume || /resume.json],methods=[POST]}" onto public java.lang.Object org.springframework.cloud.endpoint.GenericPostableMvcEndpoint.invoke()
2017-11-14 15:29:47.745  INFO 4496 --- [main] o.s.b.a.e.mvc.EndpointHandlerMapping     : Mapped "{[/heapdump || /heapdump.json],methods=[GET],produces=[application/octet-stream]}" onto public void org.springframework.boot.actuate.endpoint.mvc.HeapdumpMvcEndpoint.invoke(boolean,javax.servlet.http.HttpServletRequest,javax.servlet.http.HttpServletResponse) throws java.io.IOException,javax.servlet.ServletException
2017-11-14 15:29:47.745  INFO 4496 --- [main] o.s.b.a.e.mvc.EndpointHandlerMapping     : Mapped "{[/logfile || /logfile.json],methods=[GET || HEAD]}" onto public void org.springframework.boot.actuate.endpoint.mvc.LogFileMvcEndpoint.invoke(javax.servlet.http.HttpServletRequest,javax.servlet.http.HttpServletResponse) throws javax.servlet.ServletException,java.io.IOException
2017-11-14 15:29:47.745  INFO 4496 --- [main] o.s.b.a.e.mvc.EndpointHandlerMapping     : Mapped "{[/auditevents || /auditevents.json],methods=[GET],produces=[application/vnd.spring-boot.actuator.v1+json || application/json]}" onto public org.springframework.http.ResponseEntity<?> org.springframework.boot.actuate.endpoint.mvc.AuditEventsMvcEndpoint.findByPrincipalAndAfterAndType(java.lang.String,java.util.Date,java.lang.String)
2017-11-14 15:29:47.760  INFO 4496 --- [main] o.s.b.a.e.mvc.EndpointHandlerMapping     : Mapped "{[/actuator || /actuator.json],methods=[GET],produces=[application/vnd.spring-boot.actuator.v1+json || application/json]}" onto public org.springframework.hateoas.ResourceSupport org.springframework.boot.actuate.endpoint.mvc.HalJsonMvcEndpoint.links()
2017-11-14 15:29:47.760  INFO 4496 --- [main] o.s.b.a.e.mvc.EndpointHandlerMapping     : Mapped "{[/refresh || /refresh.json],methods=[POST]}" onto public java.lang.Object org.springframework.cloud.endpoint.GenericPostableMvcEndpoint.invoke()
2017-11-14 15:29:48.337  INFO 4496 --- [main] pertySourcedRequestMappingHandlerMapping : Mapped URL path [/v2/api-docs] onto method [public org.springframework.http.ResponseEntity<springfox.documentation.spring.web.json.Json> springfox.documentation.swagger2.web.Swagger2Controller.getDocumentation(java.lang.String,javax.servlet.http.HttpServletRequest)]
2017-11-14 15:29:48.712  INFO 4496 --- [main] s.w.s.m.m.a.RequestMappingHandlerAdapter : Looking for @ControllerAdvice: org.springframework.boot.context.embedded.AnnotationConfigEmbeddedWebApplicationContext@2eae11d3: startup date [Tue Nov 14 15:29:33 EAT 2017]; parent: org.springframework.context.annotation.AnnotationConfigApplicationContext@78059e7c
2017-11-14 15:29:48.727  INFO 4496 --- [main] s.w.s.m.m.a.RequestMappingHandlerAdapter : Detected ResponseBodyAdvice bean in org.springframework.boot.actuate.autoconfigure.EndpointWebMvcHypermediaManagementContextConfiguration$ActuatorEndpointLinksAdvice
2017-11-14 15:29:48.899  INFO 4496 --- [main] o.s.w.s.handler.SimpleUrlHandlerMapping  : Mapped URL path [/webjars/**] onto handler of type [class org.springframework.web.servlet.resource.ResourceHttpRequestHandler]
2017-11-14 15:29:48.899  INFO 4496 --- [main] o.s.w.s.handler.SimpleUrlHandlerMapping  : Mapped URL path [/**] onto handler of type [class org.springframework.web.servlet.resource.ResourceHttpRequestHandler]
2017-11-14 15:29:48.961  INFO 4496 --- [main] .m.m.a.ExceptionHandlerExceptionResolver : Detected ResponseBodyAdvice implementation in org.springframework.boot.actuate.autoconfigure.EndpointWebMvcHypermediaManagementContextConfiguration$ActuatorEndpointLinksAdvice
2017-11-14 15:29:49.039  INFO 4496 --- [main] o.s.w.s.handler.SimpleUrlHandlerMapping  : Mapped URL path [/**/favicon.ico] onto handler of type [class org.springframework.web.servlet.resource.ResourceHttpRequestHandler]
2017-11-14 15:29:49.133  WARN 4496 --- [main] .t.AbstractTemplateResolverConfiguration : Cannot find template location: classpath:/templates/ (please add some templates or check your Thymeleaf configuration)
2017-11-14 15:29:50.131  INFO 4496 --- [main] b.a.s.AuthenticationManagerConfiguration : 

Using default security password: 9adb0527-5976-4059-8bf5-879c7fa2e47b

2017-11-14 15:29:50.287  INFO 4496 --- [main] o.s.s.web.DefaultSecurityFilterChain     : Creating filter chain: OrRequestMatcher [requestMatchers=[Ant [pattern='/css/**'], Ant [pattern='/js/**'], Ant [pattern='/images/**'], Ant [pattern='/webjars/**'], Ant [pattern='/**/favicon.ico'], Ant [pattern='/error']]], []
2017-11-14 15:29:50.287  INFO 4496 --- [main] o.s.s.web.DefaultSecurityFilterChain     : Creating filter chain: org.springframework.boot.actuate.autoconfigure.ManagementWebSecurityAutoConfiguration$LazyEndpointPathRequestMatcher@163a610e, []
2017-11-14 15:29:50.428  INFO 4496 --- [main] o.s.s.web.DefaultSecurityFilterChain     : Creating filter chain: org.springframework.boot.autoconfigure.security.SpringBootWebSecurityConfiguration$ApplicationNoWebSecurityConfigurerAdapter$1@5d34d469, [org.springframework.security.web.context.request.async.WebAsyncManagerIntegrationFilter@21790a68, org.springframework.security.web.context.SecurityContextPersistenceFilter@251c0180, org.springframework.security.web.header.HeaderWriterFilter@e4128e6, org.springframework.security.web.csrf.CsrfFilter@63d782ea, org.springframework.security.web.authentication.logout.LogoutFilter@4f7e19fd, org.springframework.security.web.savedrequest.RequestCacheAwareFilter@2e4b48be, org.springframework.security.web.servletapi.SecurityContextHolderAwareRequestFilter@6700e45, org.springframework.security.web.authentication.AnonymousAuthenticationFilter@1ef74e4b, org.springframework.security.web.session.SessionManagementFilter@11a932e4, org.springframework.security.web.access.ExceptionTranslationFilter@6e52cc99]
2017-11-14 15:29:51.645  INFO 4496 --- [main] o.s.j.e.a.AnnotationMBeanExporter        : Registering beans for JMX exposure on startup
2017-11-14 15:29:51.645  INFO 4496 --- [main] o.s.j.e.a.AnnotationMBeanExporter        : Bean with name 'dataSource' has been autodetected for JMX exposure
2017-11-14 15:29:51.676  INFO 4496 --- [main] o.s.j.e.a.AnnotationMBeanExporter        : Bean with name 'configurationPropertiesRebinder' has been autodetected for JMX exposure
2017-11-14 15:29:51.676  INFO 4496 --- [main] o.s.j.e.a.AnnotationMBeanExporter        : Bean with name 'refreshEndpoint' has been autodetected for JMX exposure
2017-11-14 15:29:51.676  INFO 4496 --- [main] o.s.j.e.a.AnnotationMBeanExporter        : Bean with name 'restartEndpoint' has been autodetected for JMX exposure
2017-11-14 15:29:51.676  INFO 4496 --- [main] o.s.j.e.a.AnnotationMBeanExporter        : Bean with name 'environmentManager' has been autodetected for JMX exposure
2017-11-14 15:29:51.676  INFO 4496 --- [main] o.s.j.e.a.AnnotationMBeanExporter        : Bean with name 'refreshScope' has been autodetected for JMX exposure
2017-11-14 15:29:51.691  INFO 4496 --- [main] o.s.j.e.a.AnnotationMBeanExporter        : Located managed bean 'environmentManager': registering with JMX server as MBean [org.springframework.cloud.context.environment:name=environmentManager,type=EnvironmentManager]
2017-11-14 15:29:51.723  INFO 4496 --- [main] o.s.j.e.a.AnnotationMBeanExporter        : Located managed bean 'restartEndpoint': registering with JMX server as MBean [org.springframework.cloud.context.restart:name=restartEndpoint,type=RestartEndpoint]
2017-11-14 15:29:51.738  INFO 4496 --- [main] o.s.j.e.a.AnnotationMBeanExporter        : Located managed bean 'refreshScope': registering with JMX server as MBean [org.springframework.cloud.context.scope.refresh:name=refreshScope,type=RefreshScope]
2017-11-14 15:29:51.769  INFO 4496 --- [main] o.s.j.e.a.AnnotationMBeanExporter        : Located managed bean 'configurationPropertiesRebinder': registering with JMX server as MBean [org.springframework.cloud.context.properties:name=configurationPropertiesRebinder,context=2eae11d3,type=ConfigurationPropertiesRebinder]
2017-11-14 15:29:51.801  INFO 4496 --- [main] o.s.j.e.a.AnnotationMBeanExporter        : Located MBean 'dataSource': registering with JMX server as MBean [org.apache.commons.dbcp2:name=dataSource,type=BasicDataSource]
2017-11-14 15:29:51.816  INFO 4496 --- [main] o.s.j.e.a.AnnotationMBeanExporter        : Located managed bean 'refreshEndpoint': registering with JMX server as MBean [org.springframework.cloud.endpoint:name=refreshEndpoint,type=RefreshEndpoint]
2017-11-14 15:29:52.159  INFO 4496 --- [main] o.s.c.support.DefaultLifecycleProcessor  : Starting beans in phase 0
2017-11-14 15:29:52.253  INFO 4496 --- [main] o.s.c.support.DefaultLifecycleProcessor  : Starting beans in phase 2147483647
2017-11-14 15:29:52.269  INFO 4496 --- [main] d.s.w.p.DocumentationPluginsBootstrapper : Context refreshed
2017-11-14 15:29:52.315  INFO 4496 --- [main] d.s.w.p.DocumentationPluginsBootstrapper : Found 1 custom documentation plugin(s)
2017-11-14 15:29:52.425  INFO 4496 --- [main] s.d.s.w.s.ApiListingReferenceScanner     : Scanning for api listing references
2017-11-14 15:29:53.064  INFO 4496 --- [main] s.b.c.e.t.TomcatEmbeddedServletContainer : Tomcat started on port(s): 8080 (http)
2017-11-14 15:29:53.095  INFO 4496 --- [main] org.turnquest.Application                : Started Application in 24.274 seconds (JVM running for 35.689)
2017-11-14 15:30:08.836  INFO 4496 --- [http-nio-8080-exec-1] o.a.c.c.C.[Tomcat].[localhost].[/]       : Initializing Spring FrameworkServlet 'dispatcherServlet'
2017-11-14 15:30:08.851  INFO 4496 --- [http-nio-8080-exec-1] o.s.web.servlet.DispatcherServlet        : FrameworkServlet 'dispatcherServlet': initialization started
2017-11-14 15:30:08.883  INFO 4496 --- [http-nio-8080-exec-1] o.s.web.servlet.DispatcherServlet        : FrameworkServlet 'dispatcherServlet': initialization completed in 32 ms
